<?xml version="1.0" encoding="UTF-8"?>
<!-- Generated by org.testng.reporters.JUnitReportReporter -->
<testsuite hostname="MSI" failures="0" tests="5" name="com.nopcommerce.user.User_01_RegisterNewAccount" time="6.397" errors="0" timestamp="22 Nov 2023 06:06:33 GMT" skipped="0">
  <testcase classname="com.nopcommerce.user.User_01_RegisterNewAccount" name="Register_03_InputExistedEmail" time="1.483"/>
  <testcase classname="com.nopcommerce.user.User_01_RegisterNewAccount" name="Register_04_InputPasswordLessThanSixCharacters" time="1.188"/>
  <testcase classname="com.nopcommerce.user.User_01_RegisterNewAccount" name="Register_05_InputConfirmPasswordNotMatchPassword" time="1.688"/>
  <testcase classname="com.nopcommerce.user.User_01_RegisterNewAccount" name="Register_01_InputEmptyData" time="0.531"/>
  <testcase classname="com.nopcommerce.user.User_01_RegisterNewAccount" name="Register_02_InputInvalidEmail" time="1.507"/>
</testsuite> <!-- com.nopcommerce.user.User_01_RegisterNewAccount -->
