<?xml version="1.0" encoding="UTF-8"?>
<!-- Generated by org.testng.reporters.JUnitReportReporter -->
<testsuite hostname="MSI" failures="0" tests="6" name="com.nopcommerce.user.User_02_LoginAccount" time="6.769" errors="0" timestamp="22 Nov 2023 06:06:33 GMT" skipped="0">
  <testcase classname="com.nopcommerce.user.User_02_LoginAccount" name="Login_04_InputRegisteredEmailAndNoPassword" time="1.106"/>
  <testcase classname="com.nopcommerce.user.User_02_LoginAccount" name="Login_01_InputEmptyData" time="0.354"/>
  <testcase classname="com.nopcommerce.user.User_02_LoginAccount" name="Login_03_InputUnregisteredEmail" time="1.208"/>
  <testcase classname="com.nopcommerce.user.User_02_LoginAccount" name="Login_06_InputRegisteredEmailAndPassword" time="1.492"/>
  <testcase classname="com.nopcommerce.user.User_02_LoginAccount" name="Login_05_InputRegisteredEmailAndWrongPassword" time="1.172"/>
  <testcase classname="com.nopcommerce.user.User_02_LoginAccount" name="Login_02_InvalidEmail" time="1.437"/>
</testsuite> <!-- com.nopcommerce.user.User_02_LoginAccount -->
