<?xml version="1.0" encoding="UTF-8"?>
<!-- Generated by org.testng.reporters.JUnitReportReporter -->
<testsuite hostname="MSI" failures="0" tests="5" name="com.nopcommerce.user.User_06_WishlistAndCompare" time="54.852" errors="0" timestamp="22 Nov 2023 06:06:33 GMT" skipped="0">
  <testcase classname="com.nopcommerce.user.User_06_WishlistAndCompare" name="WishlistAndCompare_03_RemoveProductFromWishlist" time="4.918"/>
  <testcase classname="com.nopcommerce.user.User_06_WishlistAndCompare" name="WishlistAndCompare_02_AddProductToCartFromWishlist" time="16.183"/>
  <testcase classname="com.nopcommerce.user.User_06_WishlistAndCompare" name="WishlistAndCompare_04_AddProductToCompare" time="21.574"/>
  <testcase classname="com.nopcommerce.user.User_06_WishlistAndCompare" name="WishlistAndCompare_01_AddToWishlist" time="5.845"/>
  <testcase classname="com.nopcommerce.user.User_06_WishlistAndCompare" name="WishlistAndCompare_05_RecentlyViewedProduct" time="6.332"/>
</testsuite> <!-- com.nopcommerce.user.User_06_WishlistAndCompare -->
