<?xml version="1.0" encoding="UTF-8"?>
<!-- Generated by org.testng.reporters.JUnitReportReporter -->
<testsuite hostname="MSI" failures="0" tests="7" name="com.nopcommerce.user.User_05_SortAndPaging" time="47.282" errors="0" timestamp="22 Nov 2023 06:06:33 GMT" skipped="0">
  <testcase classname="com.nopcommerce.user.User_05_SortAndPaging" name="SortAndPaging_01_SortWithNameAscending" time="0.979"/>
  <testcase classname="com.nopcommerce.user.User_05_SortAndPaging" name="SortAndPaging_07_DisplayNineProductsInPage" time="20.948"/>
  <testcase classname="com.nopcommerce.user.User_05_SortAndPaging" name="SortAndPaging_05_DisplayThreeProductsInPage" time="1.756"/>
  <testcase classname="com.nopcommerce.user.User_05_SortAndPaging" name="SortAndPaging_02_SortWithNameDescending" time="0.905"/>
  <testcase classname="com.nopcommerce.user.User_05_SortAndPaging" name="SortAndPaging_06_DisplaySixProductsInPage" time="20.881"/>
  <testcase classname="com.nopcommerce.user.User_05_SortAndPaging" name="SortAndPaging_03_SortWithPriceAscending" time="0.900"/>
  <testcase classname="com.nopcommerce.user.User_05_SortAndPaging" name="SortAndPaging_04_SortWithPriceDescending" time="0.913"/>
</testsuite> <!-- com.nopcommerce.user.User_05_SortAndPaging -->
