<?xml version="1.0" encoding="UTF-8"?>
<!-- Generated by org.testng.reporters.JUnitReportReporter -->
<testsuite hostname="MSI" failures="0" tests="4" name="com.nopcommerce.user.User_03_MyAccountInfo" time="19.354" errors="0" timestamp="22 Nov 2023 06:06:33 GMT" skipped="0">
  <testcase classname="com.nopcommerce.user.User_03_MyAccountInfo" name="MyAccount_04_MyProductReview" time="4.826"/>
  <testcase classname="com.nopcommerce.user.User_03_MyAccountInfo" name="MyAccount_03_ChangePassword" time="4.852"/>
  <testcase classname="com.nopcommerce.user.User_03_MyAccountInfo" name="MyAccount_01_UpdateCustomerInfo" time="3.925"/>
  <testcase classname="com.nopcommerce.user.User_03_MyAccountInfo" name="MyAccount_02_AddAddressInfo" time="5.751"/>
</testsuite> <!-- com.nopcommerce.user.User_03_MyAccountInfo -->
