<?xml version="1.0" encoding="UTF-8"?>
<!-- Generated by org.testng.reporters.JUnitReportReporter -->
<testsuite hostname="MSI" failures="0" tests="7" name="com.nopcommerce.user.User_07_Orders" time="176.192" errors="0" timestamp="22 Nov 2023 06:06:33 GMT" skipped="0">
  <testcase classname="com.nopcommerce.user.User_07_Orders" name="Orders_04_UpdateShoppingCart" time="18.403"/>
  <testcase classname="com.nopcommerce.user.User_07_Orders" name="Orders_03_RemoveFromCart" time="10.542"/>
  <testcase classname="com.nopcommerce.user.User_07_Orders" name="Orders_01_AddProductToCart" time="2.204"/>
  <testcase classname="com.nopcommerce.user.User_07_Orders" name="Orders_06_Checkout_CardPaymentMethod" time="49.677"/>
  <testcase classname="com.nopcommerce.user.User_07_Orders" name="Orders_02_EditProductInShoppingCart" time="11.582"/>
  <testcase classname="com.nopcommerce.user.User_07_Orders" name="Orders_07_ReOrder" time="57.786"/>
  <testcase classname="com.nopcommerce.user.User_07_Orders" name="Orders_05_Checkout_QueuePaymentMethod" time="25.998"/>
</testsuite> <!-- com.nopcommerce.user.User_07_Orders -->
