<?xml version="1.0" encoding="UTF-8"?>
<!-- Generated by org.testng.reporters.JUnitReportReporter -->
<testsuite hostname="MSI" failures="0" tests="8" name="com.nopcommerce.user.User_04_Search" time="12.137" errors="0" timestamp="22 Nov 2023 06:06:33 GMT" skipped="0">
  <testcase classname="com.nopcommerce.user.User_04_Search" name="Search_04_InputAbsoluteKeyword" time="1.143"/>
  <testcase classname="com.nopcommerce.user.User_04_Search" name="Search_02_InputNotExistedData" time="1.129"/>
  <testcase classname="com.nopcommerce.user.User_04_Search" name="Search_03_InputRelativeKeyword" time="1.297"/>
  <testcase classname="com.nopcommerce.user.User_04_Search" name="Search_01_InputEmptyData" time="0.556"/>
  <testcase classname="com.nopcommerce.user.User_04_Search" name="Search_08_AdvancedSearchWithCorrectManufacturer" time="2.170"/>
  <testcase classname="com.nopcommerce.user.User_04_Search" name="Search_07_AdvancedSearchWithIncorrectManufacturer" time="2.275"/>
  <testcase classname="com.nopcommerce.user.User_04_Search" name="Search_05_AdvancedSearchWithParentCategories" time="1.632"/>
  <testcase classname="com.nopcommerce.user.User_04_Search" name="Search_06_AdvancedSearchWithSubCategories" time="1.935"/>
</testsuite> <!-- com.nopcommerce.user.User_04_Search -->
