<?xml version="1.0" encoding="UTF-8"?>
<!-- Generated by org.testng.reporters.JUnitReportReporter -->
<testsuite hostname="MSI" failures="0" tests="3" name="com.nopcommerce.admin.Admin_01_SearchWithProductName" time="7.806" errors="0" timestamp="22 Nov 2023 06:06:33 GMT" skipped="0">
  <testcase classname="com.nopcommerce.admin.Admin_01_SearchWithProductName" name="TC_03_SearchWithSubCategoryIsChecked" time="2.780"/>
  <testcase classname="com.nopcommerce.admin.Admin_01_SearchWithProductName" name="TC_01_SearchWithProductName" time="2.486"/>
  <testcase classname="com.nopcommerce.admin.Admin_01_SearchWithProductName" name="TC_02_SearchWithSubCategoryIsUnchecked" time="2.540"/>
</testsuite> <!-- com.nopcommerce.admin.Admin_01_SearchWithProductName -->
